build/app/outputs/mapping/release/mapping.txt
# compiler: R8
# compiler_version: 1.5.64
# min_api: 16
# pg_map_id: 3877ab0
...
com.google.android.gms.measurement.internal.zzfy -> com.google.android.gms.measurement.internal.d5:
    com.google.android.gms.measurement.internal.zzfw zzb -> b
    com.google.android.gms.measurement.internal.zzn zza -> a
com.google.android.gms.measurement.internal.zzfz -> com.google.android.gms.measurement.internal.e5:
    com.google.android.gms.measurement.internal.zzfw zza -> a
    android.os.Bundle zzc -> c
    com.google.android.gms.measurement.internal.zzn zzb -> b
com.google.android.gms.measurement.internal.zzg -> com.google.android.gms.measurement.internal.f5:
    boolean zza -> b
    boolean zzu() -> u
    void zzv() -> v
    void zzw() -> w
    void zzx() -> x
    boolean zzy() -> y
    void zzz() -> z
com.google.android.gms.measurement.internal.zzga -> com.google.android.gms.measurement.internal.g5:
    com.google.android.gms.measurement.internal.zzfw zzb -> b
    com.google.android.gms.measurement.internal.zzw zza -> a
com.google.android.gms.measurement.internal.zzgb -> com.google.android.gms.measurement.internal.h5:
    com.google.android.gms.measurement.internal.zzw zza -> a
    com.google.android.gms.measurement.internal.zzfw zzc -> c
    com.google.android.gms.measurement.internal.zzn zzb -> b
com.google.android.gms.measurement.internal.zzgc -> com.google.android.gms.measurement.internal.i5:
    com.google.android.gms.measurement.internal.zzfw zzd -> d
    java.lang.String zza -> a
    java.lang.String zzc -> c
    java.lang.String zzb -> b
com.google.android.gms.measurement.internal.zzgd -> com.google.android.gms.measurement.internal.j5:
    com.google.android.gms.measurement.internal.zzfw zzd -> d
    com.google.android.gms.measurement.internal.zzn zza -> a
    java.lang.String zzc -> c
    java.lang.String zzb -> b
com.google.android.gms.measurement.internal.zzge -> com.google.android.gms.measurement.internal.k5:
    com.google.android.gms.measurement.internal.zzfw zzd -> d
    java.lang.String zza -> a
    java.lang.String zzc -> c
    java.lang.String zzb -> b
com.google.android.gms.measurement.internal.zzgf -> com.google.android.gms.measurement.internal.l5:
    com.google.android.gms.measurement.internal.zzfw zzd -> d
    com.google.android.gms.measurement.internal.zzn zza -> a
    java.lang.String zzc -> c
    java.lang.String zzb -> b
com.google.android.gms.measurement.internal.zzgg -> com.google.android.gms.measurement.internal.m5:
    com.google.android.gms.measurement.internal.zzfw zzb -> b
    com.google.android.gms.measurement.internal.zzn zza -> a
com.google.android.gms.measurement.internal.zzgh -> com.google.android.gms.measurement.internal.n5:
    com.google.android.gms.measurement.internal.zzfw zzb -> b
    com.google.android.gms.measurement.internal.zzn zza -> a
com.google.android.gms.measurement.internal.zzgi -> com.google.android.gms.measurement.internal.o5:
    com.google.android.gms.measurement.internal.zzar zza -> a
    com.google.android.gms.measurement.internal.zzfw zzc -> c
    java.lang.String zzb -> b
com.google.android.gms.measurement.internal.zzgj -> com.google.android.gms.measurement.internal.p5:
    com.google.android.gms.measurement.internal.zzar zza -> a
    com.google.android.gms.measurement.internal.zzfw zzc -> c
    com.google.android.gms.measurement.internal.zzn zzb -> b
com.google.android.gms.measurement.internal.zzgk -> com.google.android.gms.measurement.internal.q5:
    com.google.android.gms.measurement.internal.zzfw zzc -> c
    com.google.android.gms.measurement.internal.zzn zzb -> b
    com.google.android.gms.measurement.internal.zzkr zza -> a
com.google.android.gms.measurement.internal.zzgl -> com.google.android.gms.measurement.internal.r5:
    com.google.android.gms.measurement.internal.zzar zza -> a
    com.google.android.gms.measurement.internal.zzfw zzc -> c
    java.lang.String zzb -> b